{"C:\\Users\\hitech\\Desktop\\Full Stack React Project\\AdminUI\\AllDone-Ecommerce-Platform\\ecommerce-platform\\backend\\src\\lib\\logger.ts": {"path":"C:\\Users\\hitech\\Desktop\\Full Stack React Project\\AdminUI\\AllDone-Ecommerce-Platform\\ecommerce-platform\\backend\\src\\lib\\logger.ts","statementMap":{"0":{"start":{"line":11,"column":22},"end":{"line":11,"column":null}},"1":{"start":{"line":12,"column":21},"end":{"line":12,"column":null}},"2":{"start":{"line":15,"column":40},"end":{"line":59,"column":null}},"3":{"start":{"line":19,"column":19},"end":{"line":19,"column":null}},"4":{"start":{"line":24,"column":6},"end":{"line":24,"column":null}},"5":{"start":{"line":27,"column":6},"end":{"line":31,"column":null}},"6":{"start":{"line":37,"column":24},"end":{"line":49,"column":null}},"7":{"start":{"line":50,"column":24},"end":{"line":56,"column":null}},"8":{"start":{"line":62,"column":50},"end":{"line":72,"column":null}},"9":{"start":{"line":75,"column":22},"end":{"line":80,"column":null}},"10":{"start":{"line":86,"column":2},"end":{"line":86,"column":null}},"11":{"start":{"line":93,"column":2},"end":{"line":93,"column":null}},"12":{"start":{"line":106,"column":16},"end":{"line":106,"column":null}},"13":{"start":{"line":107,"column":2},"end":{"line":116,"column":null}},"14":{"start":{"line":123,"column":22},"end":{"line":123,"column":null}},"15":{"start":{"line":125,"column":2},"end":{"line":142,"column":null}},"16":{"start":{"line":126,"column":4},"end":{"line":133,"column":null}},"17":{"start":{"line":134,"column":2},"end":{"line":142,"column":null}},"18":{"start":{"line":135,"column":4},"end":{"line":141,"column":null}},"19":{"start":{"line":155,"column":2},"end":{"line":164,"column":null}},"20":{"start":{"line":176,"column":16},"end":{"line":176,"column":null}},"21":{"start":{"line":177,"column":16},"end":{"line":177,"column":null}},"22":{"start":{"line":179,"column":2},"end":{"line":187,"column":null}},"23":{"start":{"line":198,"column":16},"end":{"line":198,"column":null}},"24":{"start":{"line":199,"column":16},"end":{"line":199,"column":null}},"25":{"start":{"line":201,"column":2},"end":{"line":208,"column":null}},"26":{"start":{"line":219,"column":16},"end":{"line":219,"column":null}},"27":{"start":{"line":220,"column":16},"end":{"line":220,"column":null}},"28":{"start":{"line":222,"column":2},"end":{"line":229,"column":null}},"29":{"start":{"line":236,"column":2},"end":{"line":243,"column":null}}},"fnMap":{"0":{"name":"(anonymous_0)","decl":{"start":{"line":19,"column":13},"end":{"line":19,"column":19}},"loc":{"start":{"line":19,"column":19},"end":{"line":19,"column":null}},"line":19},"1":{"name":"(anonymous_1)","decl":{"start":{"line":23,"column":11},"end":{"line":23,"column":12}},"loc":{"start":{"line":23,"column":30},"end":{"line":25,"column":null}},"line":23},"2":{"name":"(anonymous_2)","decl":{"start":{"line":26,"column":14},"end":{"line":26,"column":15}},"loc":{"start":{"line":26,"column":33},"end":{"line":32,"column":null}},"line":26},"3":{"name":"(anonymous_3)","decl":{"start":{"line":37,"column":9},"end":{"line":37,"column":10}},"loc":{"start":{"line":37,"column":24},"end":{"line":49,"column":null}},"line":37},"4":{"name":"(anonymous_4)","decl":{"start":{"line":50,"column":9},"end":{"line":50,"column":10}},"loc":{"start":{"line":50,"column":24},"end":{"line":56,"column":null}},"line":50},"5":{"name":"createLogger","decl":{"start":{"line":85,"column":16},"end":{"line":85,"column":29}},"loc":{"start":{"line":85,"column":59},"end":{"line":87,"column":null}},"line":85},"6":{"name":"logRequest","decl":{"start":{"line":92,"column":16},"end":{"line":92,"column":27}},"loc":{"start":{"line":92,"column":75},"end":{"line":94,"column":null}},"line":92},"7":{"name":"logResponse","decl":{"start":{"line":99,"column":16},"end":{"line":99,"column":null}},"loc":{"start":{"line":105,"column":2},"end":{"line":117,"column":null}},"line":105},"8":{"name":"logQuery","decl":{"start":{"line":122,"column":16},"end":{"line":122,"column":25}},"loc":{"start":{"line":122,"column":72},"end":{"line":143,"column":null}},"line":122},"9":{"name":"logPayment","decl":{"start":{"line":148,"column":16},"end":{"line":148,"column":null}},"loc":{"start":{"line":154,"column":2},"end":{"line":165,"column":null}},"line":154},"10":{"name":"logQPay","decl":{"start":{"line":170,"column":16},"end":{"line":170,"column":null}},"loc":{"start":{"line":175,"column":2},"end":{"line":188,"column":null}},"line":175},"11":{"name":"logCircuitBreaker","decl":{"start":{"line":193,"column":16},"end":{"line":193,"column":null}},"loc":{"start":{"line":197,"column":2},"end":{"line":209,"column":null}},"line":197},"12":{"name":"logSecurity","decl":{"start":{"line":214,"column":16},"end":{"line":214,"column":null}},"loc":{"start":{"line":218,"column":2},"end":{"line":230,"column":null}},"line":218},"13":{"name":"logRateLimit","decl":{"start":{"line":235,"column":16},"end":{"line":235,"column":29}},"loc":{"start":{"line":235,"column":76},"end":{"line":244,"column":null}},"line":235}},"branchMap":{"0":{"loc":{"start":{"line":16,"column":9},"end":{"line":16,"column":null}},"type":"binary-expr","locations":[{"start":{"line":16,"column":9},"end":{"line":16,"column":35}},{"start":{"line":16,"column":35},"end":{"line":16,"column":null}}],"line":16},"1":{"loc":{"start":{"line":16,"column":35},"end":{"line":16,"column":null}},"type":"cond-expr","locations":[{"start":{"line":16,"column":51},"end":{"line":16,"column":61}},{"start":{"line":16,"column":61},"end":{"line":16,"column":null}}],"line":16},"2":{"loc":{"start":{"line":75,"column":22},"end":{"line":80,"column":null}},"type":"cond-expr","locations":[{"start":{"line":75,"column":22},"end":{"line":79,"column":null}},{"start":{"line":79,"column":5},"end":{"line":80,"column":null}}],"line":75},"3":{"loc":{"start":{"line":106,"column":16},"end":{"line":106,"column":null}},"type":"cond-expr","locations":[{"start":{"line":106,"column":36},"end":{"line":106,"column":46}},{"start":{"line":106,"column":46},"end":{"line":106,"column":null}}],"line":106},"4":{"loc":{"start":{"line":106,"column":46},"end":{"line":106,"column":null}},"type":"cond-expr","locations":[{"start":{"line":106,"column":66},"end":{"line":106,"column":75}},{"start":{"line":106,"column":75},"end":{"line":106,"column":null}}],"line":106},"5":{"loc":{"start":{"line":125,"column":2},"end":{"line":142,"column":null}},"type":"if","locations":[{"start":{"line":125,"column":2},"end":{"line":142,"column":null}},{"start":{"line":134,"column":2},"end":{"line":142,"column":null}}],"line":125},"6":{"loc":{"start":{"line":130,"column":16},"end":{"line":130,"column":null}},"type":"cond-expr","locations":[{"start":{"line":130,"column":25},"end":{"line":130,"column":50}},{"start":{"line":130,"column":50},"end":{"line":130,"column":null}}],"line":130},"7":{"loc":{"start":{"line":134,"column":2},"end":{"line":142,"column":null}},"type":"if","locations":[{"start":{"line":134,"column":2},"end":{"line":142,"column":null}},{"start":{},"end":{}}],"line":134},"8":{"loc":{"start":{"line":173,"column":2},"end":{"line":173,"column":null}},"type":"default-arg","locations":[{"start":{"line":173,"column":21},"end":{"line":173,"column":null}}],"line":173},"9":{"loc":{"start":{"line":176,"column":16},"end":{"line":176,"column":null}},"type":"cond-expr","locations":[{"start":{"line":176,"column":26},"end":{"line":176,"column":32}},{"start":{"line":176,"column":32},"end":{"line":176,"column":null}}],"line":176},"10":{"loc":{"start":{"line":177,"column":16},"end":{"line":177,"column":null}},"type":"cond-expr","locations":[{"start":{"line":177,"column":26},"end":{"line":177,"column":35}},{"start":{"line":177,"column":35},"end":{"line":177,"column":null}}],"line":177},"11":{"loc":{"start":{"line":184,"column":13},"end":{"line":184,"column":null}},"type":"cond-expr","locations":[{"start":{"line":184,"column":21},"end":{"line":184,"column":37}},{"start":{"line":184,"column":37},"end":{"line":184,"column":null}}],"line":184},"12":{"loc":{"start":{"line":186,"column":34},"end":{"line":186,"column":66}},"type":"cond-expr","locations":[{"start":{"line":186,"column":44},"end":{"line":186,"column":58}},{"start":{"line":186,"column":58},"end":{"line":186,"column":66}}],"line":186},"13":{"loc":{"start":{"line":198,"column":16},"end":{"line":198,"column":null}},"type":"cond-expr","locations":[{"start":{"line":198,"column":37},"end":{"line":198,"column":43}},{"start":{"line":198,"column":43},"end":{"line":198,"column":null}}],"line":198},"14":{"loc":{"start":{"line":198,"column":43},"end":{"line":198,"column":null}},"type":"cond-expr","locations":[{"start":{"line":198,"column":62},"end":{"line":198,"column":69}},{"start":{"line":198,"column":69},"end":{"line":198,"column":null}}],"line":198},"15":{"loc":{"start":{"line":199,"column":16},"end":{"line":199,"column":null}},"type":"cond-expr","locations":[{"start":{"line":199,"column":35},"end":{"line":199,"column":45}},{"start":{"line":199,"column":45},"end":{"line":199,"column":null}}],"line":199},"16":{"loc":{"start":{"line":199,"column":45},"end":{"line":199,"column":null}},"type":"cond-expr","locations":[{"start":{"line":199,"column":69},"end":{"line":199,"column":78}},{"start":{"line":199,"column":78},"end":{"line":199,"column":null}}],"line":199},"17":{"loc":{"start":{"line":219,"column":16},"end":{"line":219,"column":null}},"type":"cond-expr","locations":[{"start":{"line":219,"column":38},"end":{"line":219,"column":45}},{"start":{"line":219,"column":45},"end":{"line":219,"column":null}}],"line":219},"18":{"loc":{"start":{"line":219,"column":45},"end":{"line":219,"column":null}},"type":"cond-expr","locations":[{"start":{"line":219,"column":69},"end":{"line":219,"column":76}},{"start":{"line":219,"column":76},"end":{"line":219,"column":null}}],"line":219},"19":{"loc":{"start":{"line":220,"column":16},"end":{"line":220,"column":null}},"type":"cond-expr","locations":[{"start":{"line":220,"column":38},"end":{"line":220,"column":48}},{"start":{"line":220,"column":48},"end":{"line":220,"column":null}}],"line":220},"20":{"loc":{"start":{"line":220,"column":48},"end":{"line":220,"column":null}},"type":"cond-expr","locations":[{"start":{"line":220,"column":72},"end":{"line":220,"column":81}},{"start":{"line":220,"column":81},"end":{"line":220,"column":null}}],"line":220}},"s":{"0":3,"1":3,"2":3,"3":3,"4":18,"5":3,"6":0,"7":0,"8":3,"9":3,"10":0,"11":0,"12":0,"13":0,"14":262,"15":262,"16":0,"17":262,"18":0,"19":0,"20":0,"21":0,"22":0,"23":0,"24":0,"25":0,"26":0,"27":0,"28":0,"29":0},"f":{"0":3,"1":18,"2":3,"3":0,"4":0,"5":0,"6":0,"7":0,"8":262,"9":0,"10":0,"11":0,"12":0,"13":0},"b":{"0":[3,3],"1":[0,3],"2":[0,3],"3":[0,0],"4":[0,0],"5":[0,262],"6":[0,0],"7":[0,262],"8":[0],"9":[0,0],"10":[0,0],"11":[0,0],"12":[0,0],"13":[0,0],"14":[0,0],"15":[0,0],"16":[0,0],"17":[0,0],"18":[0,0],"19":[0,0],"20":[0,0]},"meta":{"lastBranch":21,"lastFunction":14,"lastStatement":30,"seen":{"s:11:22:11:Infinity":0,"s:12:21:12:Infinity":1,"s:15:40:59:Infinity":2,"b:16:9:16:35:16:35:16:Infinity":0,"b:16:51:16:61:16:61:16:Infinity":1,"f:19:13:19:19":0,"s:19:19:19:Infinity":3,"f:23:11:23:12":1,"s:24:6:24:Infinity":4,"f:26:14:26:15":2,"s:27:6:31:Infinity":5,"f:37:9:37:10":3,"s:37:24:49:Infinity":6,"f:50:9:50:10":4,"s:50:24:56:Infinity":7,"s:62:50:72:Infinity":8,"s:75:22:80:Infinity":9,"b:75:22:79:Infinity:79:5:80:Infinity":2,"f:85:16:85:29":5,"s:86:2:86:Infinity":10,"f:92:16:92:27":6,"s:93:2:93:Infinity":11,"f:99:16:99:Infinity":7,"s:106:16:106:Infinity":12,"b:106:36:106:46:106:46:106:Infinity":3,"b:106:66:106:75:106:75:106:Infinity":4,"s:107:2:116:Infinity":13,"f:122:16:122:25":8,"s:123:22:123:Infinity":14,"b:125:2:142:Infinity:134:2:142:Infinity":5,"s:125:2:142:Infinity":15,"s:126:4:133:Infinity":16,"b:130:25:130:50:130:50:130:Infinity":6,"b:134:2:142:Infinity:undefined:undefined:undefined:undefined":7,"s:134:2:142:Infinity":17,"s:135:4:141:Infinity":18,"f:148:16:148:Infinity":9,"s:155:2:164:Infinity":19,"f:170:16:170:Infinity":10,"b:173:21:173:Infinity":8,"s:176:16:176:Infinity":20,"b:176:26:176:32:176:32:176:Infinity":9,"s:177:16:177:Infinity":21,"b:177:26:177:35:177:35:177:Infinity":10,"s:179:2:187:Infinity":22,"b:184:21:184:37:184:37:184:Infinity":11,"b:186:44:186:58:186:58:186:66":12,"f:193:16:193:Infinity":11,"s:198:16:198:Infinity":23,"b:198:37:198:43:198:43:198:Infinity":13,"b:198:62:198:69:198:69:198:Infinity":14,"s:199:16:199:Infinity":24,"b:199:35:199:45:199:45:199:Infinity":15,"b:199:69:199:78:199:78:199:Infinity":16,"s:201:2:208:Infinity":25,"f:214:16:214:Infinity":12,"s:219:16:219:Infinity":26,"b:219:38:219:45:219:45:219:Infinity":17,"b:219:69:219:76:219:76:219:Infinity":18,"s:220:16:220:Infinity":27,"b:220:38:220:48:220:48:220:Infinity":19,"b:220:72:220:81:220:81:220:Infinity":20,"s:222:2:229:Infinity":28,"f:235:16:235:29":13,"s:236:2:243:Infinity":29}}}
,"C:\\Users\\hitech\\Desktop\\Full Stack React Project\\AdminUI\\AllDone-Ecommerce-Platform\\ecommerce-platform\\backend\\src\\lib\\prisma.ts": {"path":"C:\\Users\\hitech\\Desktop\\Full Stack React Project\\AdminUI\\AllDone-Ecommerce-Platform\\ecommerce-platform\\backend\\src\\lib\\prisma.ts","statementMap":{"0":{"start":{"line":26,"column":2},"end":{"line":36,"column":null}},"1":{"start":{"line":39,"column":0},"end":{"line":39,"column":null}},"2":{"start":{"line":42,"column":0},"end":{"line":44,"column":null}},"3":{"start":{"line":43,"column":2},"end":{"line":43,"column":null}},"4":{"start":{"line":50,"column":17},"end":{"line":60,"column":null}},"5":{"start":{"line":51,"column":2},"end":{"line":51,"column":null}},"6":{"start":{"line":52,"column":2},"end":{"line":59,"column":null}},"7":{"start":{"line":53,"column":4},"end":{"line":53,"column":null}},"8":{"start":{"line":54,"column":4},"end":{"line":54,"column":null}},"9":{"start":{"line":55,"column":4},"end":{"line":55,"column":null}},"10":{"start":{"line":57,"column":4},"end":{"line":57,"column":null}},"11":{"start":{"line":58,"column":4},"end":{"line":58,"column":null}},"12":{"start":{"line":63,"column":0},"end":{"line":63,"column":null}},"13":{"start":{"line":63,"column":27},"end":{"line":63,"column":45}},"14":{"start":{"line":64,"column":0},"end":{"line":64,"column":null}},"15":{"start":{"line":64,"column":28},"end":{"line":64,"column":47}},"16":{"start":{"line":65,"column":0},"end":{"line":65,"column":null}},"17":{"start":{"line":65,"column":28},"end":{"line":65,"column":47}},"18":{"start":{"line":74,"column":2},"end":{"line":80,"column":null}},"19":{"start":{"line":75,"column":4},"end":{"line":75,"column":null}},"20":{"start":{"line":76,"column":4},"end":{"line":76,"column":null}},"21":{"start":{"line":78,"column":4},"end":{"line":78,"column":null}},"22":{"start":{"line":79,"column":4},"end":{"line":79,"column":null}},"23":{"start":{"line":88,"column":2},"end":{"line":103,"column":null}},"24":{"start":{"line":89,"column":19},"end":{"line":89,"column":null}},"25":{"start":{"line":93,"column":4},"end":{"line":96,"column":null}},"26":{"start":{"line":98,"column":4},"end":{"line":102,"column":null}}},"fnMap":{"0":{"name":"(anonymous_0)","decl":{"start":{"line":50,"column":17},"end":{"line":50,"column":24}},"loc":{"start":{"line":50,"column":43},"end":{"line":60,"column":null}},"line":50},"1":{"name":"(anonymous_1)","decl":{"start":{"line":63,"column":21},"end":{"line":63,"column":27}},"loc":{"start":{"line":63,"column":27},"end":{"line":63,"column":45}},"line":63},"2":{"name":"(anonymous_2)","decl":{"start":{"line":64,"column":22},"end":{"line":64,"column":28}},"loc":{"start":{"line":64,"column":28},"end":{"line":64,"column":47}},"line":64},"3":{"name":"(anonymous_3)","decl":{"start":{"line":65,"column":22},"end":{"line":65,"column":28}},"loc":{"start":{"line":65,"column":28},"end":{"line":65,"column":47}},"line":65},"4":{"name":"checkDatabaseHealth","decl":{"start":{"line":73,"column":22},"end":{"line":73,"column":62}},"loc":{"start":{"line":73,"column":62},"end":{"line":81,"column":null}},"line":73},"5":{"name":"getDatabaseMetrics","decl":{"start":{"line":87,"column":22},"end":{"line":87,"column":43}},"loc":{"start":{"line":87,"column":43},"end":{"line":104,"column":null}},"line":87}},"branchMap":{"0":{"loc":{"start":{"line":26,"column":2},"end":{"line":36,"column":null}},"type":"binary-expr","locations":[{"start":{"line":26,"column":2},"end":{"line":26,"column":null}},{"start":{"line":27,"column":2},"end":{"line":36,"column":null}}],"line":26},"1":{"loc":{"start":{"line":28,"column":9},"end":{"line":30,"column":null}},"type":"cond-expr","locations":[{"start":{"line":29,"column":8},"end":{"line":29,"column":null}},{"start":{"line":30,"column":8},"end":{"line":30,"column":null}}],"line":28},"2":{"loc":{"start":{"line":42,"column":0},"end":{"line":44,"column":null}},"type":"if","locations":[{"start":{"line":42,"column":0},"end":{"line":44,"column":null}},{"start":{},"end":{}}],"line":42},"3":{"loc":{"start":{"line":94,"column":32},"end":{"line":94,"column":53}},"type":"binary-expr","locations":[{"start":{"line":94,"column":32},"end":{"line":94,"column":52}},{"start":{"line":94,"column":52},"end":{"line":94,"column":53}}],"line":94},"4":{"loc":{"start":{"line":101,"column":13},"end":{"line":101,"column":null}},"type":"cond-expr","locations":[{"start":{"line":101,"column":38},"end":{"line":101,"column":54}},{"start":{"line":101,"column":54},"end":{"line":101,"column":null}}],"line":101}},"s":{"0":3,"1":3,"2":3,"3":3,"4":3,"5":0,"6":0,"7":0,"8":0,"9":0,"10":0,"11":0,"12":3,"13":0,"14":3,"15":0,"16":3,"17":0,"18":0,"19":0,"20":0,"21":0,"22":0,"23":0,"24":0,"25":0,"26":0},"f":{"0":0,"1":0,"2":0,"3":0,"4":0,"5":0},"b":{"0":[3,3],"1":[0,3],"2":[3,0],"3":[0,0],"4":[0,0]},"meta":{"lastBranch":5,"lastFunction":6,"lastStatement":27,"seen":{"s:26:2:36:Infinity":0,"b:26:2:26:Infinity:27:2:36:Infinity":0,"b:29:8:29:Infinity:30:8:30:Infinity":1,"s:39:0:39:Infinity":1,"b:42:0:44:Infinity:undefined:undefined:undefined:undefined":2,"s:42:0:44:Infinity":2,"s:43:2:43:Infinity":3,"s:50:17:60:Infinity":4,"f:50:17:50:24":0,"s:51:2:51:Infinity":5,"s:52:2:59:Infinity":6,"s:53:4:53:Infinity":7,"s:54:4:54:Infinity":8,"s:55:4:55:Infinity":9,"s:57:4:57:Infinity":10,"s:58:4:58:Infinity":11,"s:63:0:63:Infinity":12,"f:63:21:63:27":1,"s:63:27:63:45":13,"s:64:0:64:Infinity":14,"f:64:22:64:28":2,"s:64:28:64:47":15,"s:65:0:65:Infinity":16,"f:65:22:65:28":3,"s:65:28:65:47":17,"f:73:22:73:62":4,"s:74:2:80:Infinity":18,"s:75:4:75:Infinity":19,"s:76:4:76:Infinity":20,"s:78:4:78:Infinity":21,"s:79:4:79:Infinity":22,"f:87:22:87:43":5,"s:88:2:103:Infinity":23,"s:89:19:89:Infinity":24,"s:93:4:96:Infinity":25,"b:94:32:94:52:94:52:94:53":3,"s:98:4:102:Infinity":26,"b:101:38:101:54:101:54:101:Infinity":4}}}
,"C:\\Users\\hitech\\Desktop\\Full Stack React Project\\AdminUI\\AllDone-Ecommerce-Platform\\ecommerce-platform\\backend\\src\\middleware\\prismaQueryLogger.ts": {"path":"C:\\Users\\hitech\\Desktop\\Full Stack React Project\\AdminUI\\AllDone-Ecommerce-Platform\\ecommerce-platform\\backend\\src\\middleware\\prismaQueryLogger.ts","statementMap":{"0":{"start":{"line":12,"column":52},"end":{"line":29,"column":null}},"1":{"start":{"line":13,"column":20},"end":{"line":13,"column":null}},"2":{"start":{"line":16,"column":17},"end":{"line":16,"column":null}},"3":{"start":{"line":18,"column":19},"end":{"line":18,"column":null}},"4":{"start":{"line":19,"column":16},"end":{"line":19,"column":null}},"5":{"start":{"line":22,"column":2},"end":{"line":26,"column":null}},"6":{"start":{"line":28,"column":2},"end":{"line":28,"column":null}}},"fnMap":{"0":{"name":"(anonymous_0)","decl":{"start":{"line":12,"column":52},"end":{"line":12,"column":59}},"loc":{"start":{"line":12,"column":76},"end":{"line":29,"column":null}},"line":12}},"branchMap":{"0":{"loc":{"start":{"line":25,"column":10},"end":{"line":25,"column":null}},"type":"cond-expr","locations":[{"start":{"line":25,"column":51},"end":{"line":25,"column":65}},{"start":{"line":25,"column":65},"end":{"line":25,"column":null}}],"line":25}},"s":{"0":3,"1":263,"2":263,"3":262,"4":262,"5":262,"6":263},"f":{"0":263},"b":{"0":[0,262]},"meta":{"lastBranch":1,"lastFunction":1,"lastStatement":7,"seen":{"s:12:52:29:Infinity":0,"f:12:52:12:59":0,"s:13:20:13:Infinity":1,"s:16:17:16:Infinity":2,"s:18:19:18:Infinity":3,"s:19:16:19:Infinity":4,"s:22:2:26:Infinity":5,"b:25:51:25:65:25:65:25:Infinity":0,"s:28:2:28:Infinity":6}}}
,"C:\\Users\\hitech\\Desktop\\Full Stack React Project\\AdminUI\\AllDone-Ecommerce-Platform\\ecommerce-platform\\backend\\src\\schemas\\order.schema.ts": {"path":"C:\\Users\\hitech\\Desktop\\Full Stack React Project\\AdminUI\\AllDone-Ecommerce-Platform\\ecommerce-platform\\backend\\src\\schemas\\order.schema.ts","statementMap":{"0":{"start":{"line":7,"column":37},"end":{"line":32,"column":null}},"1":{"start":{"line":27,"column":12},"end":{"line":27,"column":null}},"2":{"start":{"line":38,"column":37},"end":{"line":61,"column":null}},"3":{"start":{"line":51,"column":22},"end":{"line":51,"column":50}},"4":{"start":{"line":55,"column":22},"end":{"line":55,"column":39}},"5":{"start":{"line":60,"column":22},"end":{"line":60,"column":33}},"6":{"start":{"line":67,"column":33},"end":{"line":76,"column":null}}},"fnMap":{"0":{"name":"(anonymous_0)","decl":{"start":{"line":27,"column":2},"end":{"line":27,"column":3}},"loc":{"start":{"line":27,"column":12},"end":{"line":27,"column":null}},"line":27},"1":{"name":"(anonymous_1)","decl":{"start":{"line":51,"column":15},"end":{"line":51,"column":22}},"loc":{"start":{"line":51,"column":22},"end":{"line":51,"column":50}},"line":51},"2":{"name":"(anonymous_2)","decl":{"start":{"line":55,"column":15},"end":{"line":55,"column":22}},"loc":{"start":{"line":55,"column":22},"end":{"line":55,"column":39}},"line":55},"3":{"name":"(anonymous_3)","decl":{"start":{"line":60,"column":15},"end":{"line":60,"column":22}},"loc":{"start":{"line":60,"column":22},"end":{"line":60,"column":33}},"line":60}},"branchMap":{"0":{"loc":{"start":{"line":27,"column":12},"end":{"line":27,"column":null}},"type":"binary-expr","locations":[{"start":{"line":27,"column":12},"end":{"line":27,"column":40}},{"start":{"line":27,"column":40},"end":{"line":27,"column":null}}],"line":27},"1":{"loc":{"start":{"line":51,"column":22},"end":{"line":51,"column":50}},"type":"binary-expr","locations":[{"start":{"line":51,"column":22},"end":{"line":51,"column":37}},{"start":{"line":51,"column":37},"end":{"line":51,"column":50}}],"line":51},"2":{"loc":{"start":{"line":55,"column":22},"end":{"line":55,"column":39}},"type":"binary-expr","locations":[{"start":{"line":55,"column":22},"end":{"line":55,"column":37}},{"start":{"line":55,"column":37},"end":{"line":55,"column":39}}],"line":55}},"s":{"0":1,"1":55,"2":1,"3":5,"4":5,"5":5,"6":1},"f":{"0":55,"1":5,"2":5,"3":5},"b":{"0":[55,0],"1":[5,0],"2":[5,0]},"meta":{"lastBranch":3,"lastFunction":4,"lastStatement":7,"seen":{"s:7:37:32:Infinity":0,"f:27:2:27:3":0,"s:27:12:27:Infinity":1,"b:27:12:27:40:27:40:27:Infinity":0,"s:38:37:61:Infinity":2,"f:51:15:51:22":1,"s:51:22:51:50":3,"b:51:22:51:37:51:37:51:50":1,"f:55:15:55:22":2,"s:55:22:55:39":4,"b:55:22:55:37:55:37:55:39":2,"f:60:15:60:22":3,"s:60:22:60:33":5,"s:67:33:76:Infinity":6}}}
,"C:\\Users\\hitech\\Desktop\\Full Stack React Project\\AdminUI\\AllDone-Ecommerce-Platform\\ecommerce-platform\\backend\\src\\schemas\\user.schema.ts": {"path":"C:\\Users\\hitech\\Desktop\\Full Stack React Project\\AdminUI\\AllDone-Ecommerce-Platform\\ecommerce-platform\\backend\\src\\schemas\\user.schema.ts","statementMap":{"0":{"start":{"line":7,"column":35},"end":{"line":19,"column":null}},"1":{"start":{"line":24,"column":27},"end":{"line":28,"column":null}},"2":{"start":{"line":34,"column":30},"end":{"line":39,"column":null}},"3":{"start":{"line":44,"column":30},"end":{"line":51,"column":null}},"4":{"start":{"line":53,"column":27},"end":{"line":56,"column":null}}},"fnMap":{},"branchMap":{},"s":{"0":1,"1":1,"2":1,"3":1,"4":1},"f":{},"b":{},"meta":{"lastBranch":0,"lastFunction":0,"lastStatement":5,"seen":{"s:7:35:19:Infinity":0,"s:24:27:28:Infinity":1,"s:34:30:39:Infinity":2,"s:44:30:51:Infinity":3,"s:53:27:56:Infinity":4}}}
,"C:\\Users\\hitech\\Desktop\\Full Stack React Project\\AdminUI\\AllDone-Ecommerce-Platform\\ecommerce-platform\\backend\\src\\utils\\validation.ts": {"path":"C:\\Users\\hitech\\Desktop\\Full Stack React Project\\AdminUI\\AllDone-Ecommerce-Platform\\ecommerce-platform\\backend\\src\\utils\\validation.ts","statementMap":{"0":{"start":{"line":13,"column":2},"end":{"line":34,"column":null}},"1":{"start":{"line":14,"column":26},"end":{"line":14,"column":null}},"2":{"start":{"line":15,"column":4},"end":{"line":15,"column":null}},"3":{"start":{"line":17,"column":4},"end":{"line":31,"column":null}},"4":{"start":{"line":18,"column":30},"end":{"line":24,"column":null}},"5":{"start":{"line":20,"column":52},"end":{"line":23,"column":10}},"6":{"start":{"line":26,"column":6},"end":{"line":28,"column":null}},"7":{"start":{"line":27,"column":8},"end":{"line":27,"column":null}},"8":{"start":{"line":30,"column":6},"end":{"line":30,"column":null}},"9":{"start":{"line":33,"column":4},"end":{"line":33,"column":null}},"10":{"start":{"line":46,"column":2},"end":{"line":67,"column":null}},"11":{"start":{"line":47,"column":26},"end":{"line":47,"column":null}},"12":{"start":{"line":48,"column":4},"end":{"line":48,"column":null}},"13":{"start":{"line":50,"column":4},"end":{"line":64,"column":null}},"14":{"start":{"line":51,"column":30},"end":{"line":57,"column":null}},"15":{"start":{"line":53,"column":52},"end":{"line":56,"column":10}},"16":{"start":{"line":59,"column":6},"end":{"line":61,"column":null}},"17":{"start":{"line":60,"column":8},"end":{"line":60,"column":null}},"18":{"start":{"line":63,"column":6},"end":{"line":63,"column":null}},"19":{"start":{"line":66,"column":4},"end":{"line":66,"column":null}},"20":{"start":{"line":75,"column":2},"end":{"line":78,"column":null}},"21":{"start":{"line":86,"column":20},"end":{"line":86,"column":null}},"22":{"start":{"line":88,"column":2},"end":{"line":106,"column":null}},"23":{"start":{"line":89,"column":4},"end":{"line":105,"column":null}},"24":{"start":{"line":90,"column":20},"end":{"line":90,"column":null}},"25":{"start":{"line":92,"column":6},"end":{"line":104,"column":null}},"26":{"start":{"line":93,"column":8},"end":{"line":93,"column":null}},"27":{"start":{"line":94,"column":6},"end":{"line":104,"column":null}},"28":{"start":{"line":95,"column":8},"end":{"line":95,"column":null}},"29":{"start":{"line":96,"column":6},"end":{"line":104,"column":null}},"30":{"start":{"line":97,"column":8},"end":{"line":101,"column":null}},"31":{"start":{"line":98,"column":10},"end":{"line":100,"column":null}},"32":{"start":{"line":103,"column":8},"end":{"line":103,"column":null}},"33":{"start":{"line":108,"column":2},"end":{"line":108,"column":null}}},"fnMap":{"0":{"name":"validateData","decl":{"start":{"line":8,"column":16},"end":{"line":8,"column":null}},"loc":{"start":{"line":12,"column":63},"end":{"line":35,"column":null}},"line":12},"1":{"name":"(anonymous_1)","decl":{"start":{"line":20,"column":34},"end":{"line":20,"column":35}},"loc":{"start":{"line":20,"column":52},"end":{"line":23,"column":10}},"line":20},"2":{"name":"validateDataAsync","decl":{"start":{"line":41,"column":22},"end":{"line":41,"column":null}},"loc":{"start":{"line":45,"column":72},"end":{"line":68,"column":null}},"line":45},"3":{"name":"(anonymous_3)","decl":{"start":{"line":53,"column":34},"end":{"line":53,"column":35}},"loc":{"start":{"line":53,"column":52},"end":{"line":56,"column":10}},"line":53},"4":{"name":"sanitizeString","decl":{"start":{"line":74,"column":16},"end":{"line":74,"column":31}},"loc":{"start":{"line":74,"column":54},"end":{"line":79,"column":null}},"line":74},"5":{"name":"sanitizeObject","decl":{"start":{"line":85,"column":16},"end":{"line":85,"column":62}},"loc":{"start":{"line":85,"column":73},"end":{"line":109,"column":null}},"line":85},"6":{"name":"(anonymous_6)","decl":{"start":{"line":97,"column":35},"end":{"line":97,"column":36}},"loc":{"start":{"line":98,"column":10},"end":{"line":100,"column":null}},"line":98}},"branchMap":{"0":{"loc":{"start":{"line":17,"column":4},"end":{"line":31,"column":null}},"type":"if","locations":[{"start":{"line":17,"column":4},"end":{"line":31,"column":null}},{"start":{},"end":{}}],"line":17},"1":{"loc":{"start":{"line":26,"column":6},"end":{"line":28,"column":null}},"type":"if","locations":[{"start":{"line":26,"column":6},"end":{"line":28,"column":null}},{"start":{},"end":{}}],"line":26},"2":{"loc":{"start":{"line":50,"column":4},"end":{"line":64,"column":null}},"type":"if","locations":[{"start":{"line":50,"column":4},"end":{"line":64,"column":null}},{"start":{},"end":{}}],"line":50},"3":{"loc":{"start":{"line":59,"column":6},"end":{"line":61,"column":null}},"type":"if","locations":[{"start":{"line":59,"column":6},"end":{"line":61,"column":null}},{"start":{},"end":{}}],"line":59},"4":{"loc":{"start":{"line":89,"column":4},"end":{"line":105,"column":null}},"type":"if","locations":[{"start":{"line":89,"column":4},"end":{"line":105,"column":null}},{"start":{},"end":{}}],"line":89},"5":{"loc":{"start":{"line":92,"column":6},"end":{"line":104,"column":null}},"type":"if","locations":[{"start":{"line":92,"column":6},"end":{"line":104,"column":null}},{"start":{"line":94,"column":6},"end":{"line":104,"column":null}}],"line":92},"6":{"loc":{"start":{"line":94,"column":6},"end":{"line":104,"column":null}},"type":"if","locations":[{"start":{"line":94,"column":6},"end":{"line":104,"column":null}},{"start":{"line":96,"column":6},"end":{"line":104,"column":null}}],"line":94},"7":{"loc":{"start":{"line":94,"column":17},"end":{"line":94,"column":87}},"type":"binary-expr","locations":[{"start":{"line":94,"column":17},"end":{"line":94,"column":46}},{"start":{"line":94,"column":46},"end":{"line":94,"column":64}},{"start":{"line":94,"column":64},"end":{"line":94,"column":87}}],"line":94},"8":{"loc":{"start":{"line":96,"column":6},"end":{"line":104,"column":null}},"type":"if","locations":[{"start":{"line":96,"column":6},"end":{"line":104,"column":null}},{"start":{"line":102,"column":13},"end":{"line":104,"column":null}}],"line":96},"9":{"loc":{"start":{"line":98,"column":10},"end":{"line":100,"column":null}},"type":"cond-expr","locations":[{"start":{"line":98,"column":37},"end":{"line":98,"column":null}},{"start":{"line":99,"column":10},"end":{"line":100,"column":null}}],"line":98},"10":{"loc":{"start":{"line":99,"column":10},"end":{"line":100,"column":null}},"type":"cond-expr","locations":[{"start":{"line":99,"column":54},"end":{"line":99,"column":null}},{"start":{"line":100,"column":10},"end":{"line":100,"column":null}}],"line":99},"11":{"loc":{"start":{"line":99,"column":10},"end":{"line":99,"column":54}},"type":"binary-expr","locations":[{"start":{"line":99,"column":10},"end":{"line":99,"column":38}},{"start":{"line":99,"column":38},"end":{"line":99,"column":54}}],"line":99}},"s":{"0":8,"1":8,"2":8,"3":5,"4":5,"5":5,"6":5,"7":0,"8":5,"9":0,"10":0,"11":0,"12":0,"13":0,"14":0,"15":0,"16":0,"17":0,"18":0,"19":0,"20":0,"21":0,"22":0,"23":0,"24":0,"25":0,"26":0,"27":0,"28":0,"29":0,"30":0,"31":0,"32":0,"33":0},"f":{"0":8,"1":5,"2":0,"3":0,"4":0,"5":0,"6":0},"b":{"0":[5,0],"1":[0,5],"2":[0,0],"3":[0,0],"4":[0,0],"5":[0,0],"6":[0,0],"7":[0,0,0],"8":[0,0],"9":[0,0],"10":[0,0],"11":[0,0]},"meta":{"lastBranch":12,"lastFunction":7,"lastStatement":34,"seen":{"f:8:16:8:Infinity":0,"s:13:2:34:Infinity":0,"s:14:26:14:Infinity":1,"s:15:4:15:Infinity":2,"b:17:4:31:Infinity:undefined:undefined:undefined:undefined":0,"s:17:4:31:Infinity":3,"s:18:30:24:Infinity":4,"f:20:34:20:35":1,"s:20:52:23:10":5,"b:26:6:28:Infinity:undefined:undefined:undefined:undefined":1,"s:26:6:28:Infinity":6,"s:27:8:27:Infinity":7,"s:30:6:30:Infinity":8,"s:33:4:33:Infinity":9,"f:41:22:41:Infinity":2,"s:46:2:67:Infinity":10,"s:47:26:47:Infinity":11,"s:48:4:48:Infinity":12,"b:50:4:64:Infinity:undefined:undefined:undefined:undefined":2,"s:50:4:64:Infinity":13,"s:51:30:57:Infinity":14,"f:53:34:53:35":3,"s:53:52:56:10":15,"b:59:6:61:Infinity:undefined:undefined:undefined:undefined":3,"s:59:6:61:Infinity":16,"s:60:8:60:Infinity":17,"s:63:6:63:Infinity":18,"s:66:4:66:Infinity":19,"f:74:16:74:31":4,"s:75:2:78:Infinity":20,"f:85:16:85:62":5,"s:86:20:86:Infinity":21,"s:88:2:106:Infinity":22,"b:89:4:105:Infinity:undefined:undefined:undefined:undefined":4,"s:89:4:105:Infinity":23,"s:90:20:90:Infinity":24,"b:92:6:104:Infinity:94:6:104:Infinity":5,"s:92:6:104:Infinity":25,"s:93:8:93:Infinity":26,"b:94:6:104:Infinity:96:6:104:Infinity":6,"s:94:6:104:Infinity":27,"b:94:17:94:46:94:46:94:64:94:64:94:87":7,"s:95:8:95:Infinity":28,"b:96:6:104:Infinity:102:13:104:Infinity":8,"s:96:6:104:Infinity":29,"s:97:8:101:Infinity":30,"f:97:35:97:36":6,"s:98:10:100:Infinity":31,"b:98:37:98:Infinity:99:10:100:Infinity":9,"b:99:54:99:Infinity:100:10:100:Infinity":10,"b:99:10:99:38:99:38:99:54":11,"s:103:8:103:Infinity":32,"s:108:2:108:Infinity":33}}}
}
