TN:
SF:src\lib\logger.ts
FN:19,(anonymous_0)
FN:23,(anonymous_1)
FN:26,(anonymous_2)
FN:37,(anonymous_3)
FN:50,(anonymous_4)
FN:85,createLogger
FN:92,logRequest
FN:99,logResponse
FN:122,logQuery
FN:148,logPayment
FN:170,logQPay
FN:193,logCircuitBreaker
FN:214,logSecurity
FN:235,logRateLimit
FNF:14
FNH:4
FNDA:3,(anonymous_0)
FNDA:18,(anonymous_1)
FNDA:3,(anonymous_2)
FNDA:0,(anonymous_3)
FNDA:0,(anonymous_4)
FNDA:0,createLogger
FNDA:0,logRequest
FNDA:0,logResponse
FNDA:262,logQuery
FNDA:0,logPayment
FNDA:0,logQPay
FNDA:0,logCircuitBreaker
FNDA:0,logSecurity
FNDA:0,logRateLimit
DA:11,3
DA:12,3
DA:15,3
DA:19,3
DA:24,18
DA:27,3
DA:37,0
DA:50,0
DA:62,3
DA:75,3
DA:86,0
DA:93,0
DA:106,0
DA:107,0
DA:123,262
DA:125,262
DA:126,0
DA:134,262
DA:135,0
DA:155,0
DA:176,0
DA:177,0
DA:179,0
DA:198,0
DA:199,0
DA:201,0
DA:219,0
DA:220,0
DA:222,0
DA:236,0
LF:30
LH:11
BRDA:16,0,0,3
BRDA:16,0,1,3
BRDA:16,1,0,0
BRDA:16,1,1,3
BRDA:75,2,0,0
BRDA:75,2,1,3
BRDA:106,3,0,0
BRDA:106,3,1,0
BRDA:106,4,0,0
BRDA:106,4,1,0
BRDA:125,5,0,0
BRDA:125,5,1,262
BRDA:130,6,0,0
BRDA:130,6,1,0
BRDA:134,7,0,0
BRDA:134,7,1,262
BRDA:173,8,0,0
BRDA:176,9,0,0
BRDA:176,9,1,0
BRDA:177,10,0,0
BRDA:177,10,1,0
BRDA:184,11,0,0
BRDA:184,11,1,0
BRDA:186,12,0,0
BRDA:186,12,1,0
BRDA:198,13,0,0
BRDA:198,13,1,0
BRDA:198,14,0,0
BRDA:198,14,1,0
BRDA:199,15,0,0
BRDA:199,15,1,0
BRDA:199,16,0,0
BRDA:199,16,1,0
BRDA:219,17,0,0
BRDA:219,17,1,0
BRDA:219,18,0,0
BRDA:219,18,1,0
BRDA:220,19,0,0
BRDA:220,19,1,0
BRDA:220,20,0,0
BRDA:220,20,1,0
BRF:41
BRH:6
end_of_record
TN:
SF:src\lib\prisma.ts
FN:50,(anonymous_0)
FN:63,(anonymous_1)
FN:64,(anonymous_2)
FN:65,(anonymous_3)
FN:73,checkDatabaseHealth
FN:87,getDatabaseMetrics
FNF:6
FNH:0
FNDA:0,(anonymous_0)
FNDA:0,(anonymous_1)
FNDA:0,(anonymous_2)
FNDA:0,(anonymous_3)
FNDA:0,checkDatabaseHealth
FNDA:0,getDatabaseMetrics
DA:26,3
DA:39,3
DA:42,3
DA:43,3
DA:50,3
DA:51,0
DA:52,0
DA:53,0
DA:54,0
DA:55,0
DA:57,0
DA:58,0
DA:63,3
DA:64,3
DA:65,3
DA:74,0
DA:75,0
DA:76,0
DA:78,0
DA:79,0
DA:88,0
DA:89,0
DA:93,0
DA:98,0
LF:24
LH:8
BRDA:26,0,0,3
BRDA:26,0,1,3
BRDA:28,1,0,0
BRDA:28,1,1,3
BRDA:42,2,0,3
BRDA:42,2,1,0
BRDA:94,3,0,0
BRDA:94,3,1,0
BRDA:101,4,0,0
BRDA:101,4,1,0
BRF:10
BRH:4
end_of_record
TN:
SF:src\middleware\prismaQueryLogger.ts
FN:12,(anonymous_0)
FNF:1
FNH:1
FNDA:263,(anonymous_0)
DA:12,3
DA:13,263
DA:16,263
DA:18,262
DA:19,262
DA:22,262
DA:28,263
LF:7
LH:7
BRDA:25,0,0,0
BRDA:25,0,1,262
BRF:2
BRH:1
end_of_record
TN:
SF:src\schemas\order.schema.ts
FN:27,(anonymous_0)
FN:51,(anonymous_1)
FN:55,(anonymous_2)
FN:60,(anonymous_3)
FNF:4
FNH:4
FNDA:55,(anonymous_0)
FNDA:5,(anonymous_1)
FNDA:5,(anonymous_2)
FNDA:5,(anonymous_3)
DA:7,1
DA:27,55
DA:38,1
DA:51,5
DA:55,5
DA:60,5
DA:67,1
LF:7
LH:7
BRDA:27,0,0,55
BRDA:27,0,1,0
BRDA:51,1,0,5
BRDA:51,1,1,0
BRDA:55,2,0,5
BRDA:55,2,1,0
BRF:6
BRH:3
end_of_record
TN:
SF:src\schemas\user.schema.ts
FNF:0
FNH:0
DA:7,1
DA:24,1
DA:34,1
DA:44,1
DA:53,1
LF:5
LH:5
BRF:0
BRH:0
end_of_record
TN:
SF:src\utils\validation.ts
FN:8,validateData
FN:20,(anonymous_1)
FN:41,validateDataAsync
FN:53,(anonymous_3)
FN:74,sanitizeString
FN:85,sanitizeObject
FN:97,(anonymous_6)
FNF:7
FNH:2
FNDA:8,validateData
FNDA:5,(anonymous_1)
FNDA:0,validateDataAsync
FNDA:0,(anonymous_3)
FNDA:0,sanitizeString
FNDA:0,sanitizeObject
FNDA:0,(anonymous_6)
DA:13,8
DA:14,8
DA:15,8
DA:17,5
DA:18,5
DA:20,5
DA:26,5
DA:27,0
DA:30,5
DA:33,0
DA:46,0
DA:47,0
DA:48,0
DA:50,0
DA:51,0
DA:53,0
DA:59,0
DA:60,0
DA:63,0
DA:66,0
DA:75,0
DA:86,0
DA:88,0
DA:89,0
DA:90,0
DA:92,0
DA:93,0
DA:94,0
DA:95,0
DA:96,0
DA:97,0
DA:98,0
DA:103,0
DA:108,0
LF:34
LH:8
BRDA:17,0,0,5
BRDA:17,0,1,0
BRDA:26,1,0,0
BRDA:26,1,1,5
BRDA:50,2,0,0
BRDA:50,2,1,0
BRDA:59,3,0,0
BRDA:59,3,1,0
BRDA:89,4,0,0
BRDA:89,4,1,0
BRDA:92,5,0,0
BRDA:92,5,1,0
BRDA:94,6,0,0
BRDA:94,6,1,0
BRDA:94,7,0,0
BRDA:94,7,1,0
BRDA:94,7,2,0
BRDA:96,8,0,0
BRDA:96,8,1,0
BRDA:98,9,0,0
BRDA:98,9,1,0
BRDA:99,10,0,0
BRDA:99,10,1,0
BRDA:99,11,0,0
BRDA:99,11,1,0
BRF:25
BRH:2
end_of_record
